{"/home/fabian/Projects/Clases/2019-TallerComenzarProyecto/src/js/app.js": {"path":"/home/fabian/Projects/Clases/2019-TallerComenzarProyecto/src/js/app.js","statementMap":{"0":{"start":{"line":1,"column":34},"end":{"line":3,"column":1}},"1":{"start":{"line":2,"column":2},"end":{"line":2,"column":14}},"2":{"start":{"line":5,"column":39},"end":{"line":7,"column":1}},"3":{"start":{"line":6,"column":2},"end":{"line":6,"column":15}}},"fnMap":{"0":{"name":"(anonymous_0)","decl":{"start":{"line":1,"column":34},"end":{"line":1,"column":35}},"loc":{"start":{"line":1,"column":40},"end":{"line":3,"column":1}},"line":1},"1":{"name":"(anonymous_1)","decl":{"start":{"line":5,"column":39},"end":{"line":5,"column":40}},"loc":{"start":{"line":5,"column":45},"end":{"line":7,"column":1}},"line":5}},"branchMap":{},"s":{"0":1,"1":1,"2":1,"3":1},"f":{"0":1,"1":1},"b":{},"_coverageSchema":"43e27e138ebf9cfc5966b082cf9a028302ed4184","hash":"208dfc962301378e33aa3633a5c1b89ce53f4b6e"}
}
